E:\Visual Studio 2010\Projects\CopyCompareSample\CopyCompare\Debug\cl.command.1.tlog
E:\Visual Studio 2010\Projects\CopyCompareSample\CopyCompare\Debug\CL.read.1.tlog
E:\Visual Studio 2010\Projects\CopyCompareSample\CopyCompare\Debug\CL.write.1.tlog
E:\VISUAL STUDIO 2010\PROJECTS\COPYCOMPARESAMPLE\COPYCOMPARE\DEBUG\COPYCOMPARE.EXE.EMBED.MANIFEST
E:\VISUAL STUDIO 2010\PROJECTS\COPYCOMPARESAMPLE\COPYCOMPARE\DEBUG\COPYCOMPARE.EXE.EMBED.MANIFEST.RES
E:\VISUAL STUDIO 2010\PROJECTS\COPYCOMPARESAMPLE\COPYCOMPARE\DEBUG\COPYCOMPARE.EXE.INTERMEDIATE.MANIFEST
E:\VISUAL STUDIO 2010\PROJECTS\COPYCOMPARESAMPLE\COPYCOMPARE\DEBUG\COPYCOMPARE.OBJ
E:\VISUAL STUDIO 2010\PROJECTS\COPYCOMPARESAMPLE\COPYCOMPARE\DEBUG\COPYCOMPARE.PCH
E:\VISUAL STUDIO 2010\PROJECTS\COPYCOMPARESAMPLE\COPYCOMPARE\DEBUG\COPYCOMPARE.RES
E:\Visual Studio 2010\Projects\CopyCompareSample\CopyCompare\Debug\CopyCompare_manifest.rc
E:\VISUAL STUDIO 2010\PROJECTS\COPYCOMPARESAMPLE\COPYCOMPARE\DEBUG\COPYCOMPAREDLG.OBJ
E:\Visual Studio 2010\Projects\CopyCompareSample\CopyCompare\Debug\link.command.1.tlog
E:\Visual Studio 2010\Projects\CopyCompareSample\CopyCompare\Debug\link.read.1.tlog
E:\Visual Studio 2010\Projects\CopyCompareSample\CopyCompare\Debug\link.write.1.tlog
E:\Visual Studio 2010\Projects\CopyCompareSample\CopyCompare\Debug\link-cvtres.read.1.tlog
E:\Visual Studio 2010\Projects\CopyCompareSample\CopyCompare\Debug\link-cvtres.write.1.tlog
E:\Visual Studio 2010\Projects\CopyCompareSample\CopyCompare\Debug\mt.command.1.tlog
E:\Visual Studio 2010\Projects\CopyCompareSample\CopyCompare\Debug\mt.read.1.tlog
E:\Visual Studio 2010\Projects\CopyCompareSample\CopyCompare\Debug\mt.write.1.tlog
E:\Visual Studio 2010\Projects\CopyCompareSample\CopyCompare\Debug\rc.command.1.tlog
E:\Visual Studio 2010\Projects\CopyCompareSample\CopyCompare\Debug\rc.read.1.tlog
E:\Visual Studio 2010\Projects\CopyCompareSample\CopyCompare\Debug\rc.write.1.tlog
E:\VISUAL STUDIO 2010\PROJECTS\COPYCOMPARESAMPLE\COPYCOMPARE\DEBUG\STDAFX.OBJ
E:\Visual Studio 2010\Projects\CopyCompareSample\CopyCompare\Debug\vc100.idb
E:\VISUAL STUDIO 2010\PROJECTS\COPYCOMPARESAMPLE\COPYCOMPARE\DEBUG\VC100.PDB
E:\VISUAL STUDIO 2010\PROJECTS\COPYCOMPARESAMPLE\DEBUG\COPYCOMPARE.EXE
E:\VISUAL STUDIO 2010\PROJECTS\COPYCOMPARESAMPLE\DEBUG\COPYCOMPARE.ILK
E:\VISUAL STUDIO 2010\PROJECTS\COPYCOMPARESAMPLE\DEBUG\COPYCOMPARE.PDB
