Build started 2015/2/10 下午 02:25:50.
     1>Project "E:\Visual Studio 2010\Projects\CopyCompareSample\CopyCompare\CopyCompare.vcxproj" on node 2 (build target(s)).
     1>InitializeBuildStatus:
         Creating "Debug\CopyCompare.unsuccessfulbuild" because "AlwaysCreate" was specified.
       ClCompile:
         All outputs are up-to-date.
         C:\Program Files\Microsoft Visual Studio 10.0\VC\bin\CL.exe /c /ZI /nologo /W3 /WX- /Od /Oy- /D WIN32 /D _WINDOWS /D _DEBUG /D _UNICODE /D UNICODE /Gm /EHsc /RTC1 /MTd /GS /fp:precise /Zc:wchar_t /Zc:forScope /Yu"StdAfx.h" /Fp"Debug\CopyCompare.pch" /Fo"Debug\\" /Fd"Debug\vc100.pdb" /Gd /TP /analyze- /errorReport:prompt CopyCompare.cpp CopyCompareDlg.cpp
         CopyCompareDlg.cpp
         Geneate CopyCore import dll
         Geneate GetCapacity import dll
         Geneate judge OS import dll
         Generating Code...
         Compiling...
         CopyCompare.cpp
         Geneate CopyCore import dll
         Generating Code...
       ResourceCompile:
         C:\Program Files\Microsoft SDKs\Windows\v7.0A\bin\rc.exe /D _DEBUG /D _UNICODE /D UNICODE /l"0x0409" /IDebug\ /nologo /fo"Debug\CopyCompare.res" CopyCompare.rc 
       ManifestResourceCompile:
         All outputs are up-to-date.
       Link:
         C:\Program Files\Microsoft Visual Studio 10.0\VC\bin\link.exe /ERRORREPORT:PROMPT /OUT:"E:\Visual Studio 2010\Projects\CopyCompareSample\Debug\CopyCompare.exe" /INCREMENTAL /NOLOGO /MANIFEST /ManifestFile:"Debug\CopyCompare.exe.intermediate.manifest" /MANIFESTUAC:"level='requireAdministrator' uiAccess='false'" /DEBUG /PDB:"E:\Visual Studio 2010\Projects\CopyCompareSample\Debug\CopyCompare.pdb" /SUBSYSTEM:WINDOWS /TLBID:1 /ENTRY:"wWinMainCRTStartup" /DYNAMICBASE /NXCOMPAT /IMPLIB:"E:\Visual Studio 2010\Projects\CopyCompareSample\Debug\CopyCompare.lib" /MACHINE:X86 Debug\CopyCompare.res
         Debug\CopyCompare.exe.embed.manifest.res
         Debug\CopyCompare.obj
         Debug\CopyCompareDlg.obj
         Debug\Page1.obj
         Debug\Page2.obj
         Debug\stdafx.obj
         DLL_CopyCore.lib
         GetCapacity.lib
         JudgeOS.lib
       Manifest:
         C:\Program Files\Microsoft SDKs\Windows\v7.0A\bin\mt.exe /nologo /verbose /out:"Debug\CopyCompare.exe.embed.manifest" /manifest CopyCompare.exe.manifest Debug\CopyCompare.exe.intermediate.manifest "C:\Program Files\Microsoft Visual Studio 10.0\VC\Include\Manifest\dpiaware.manifest"
         All outputs are up-to-date.
       LinkEmbedManifest:
         All outputs are up-to-date.
         CopyCompare.vcxproj -> E:\Visual Studio 2010\Projects\CopyCompareSample\Debug\CopyCompare.exe
       FinalizeBuildStatus:
         Deleting file "Debug\CopyCompare.unsuccessfulbuild".
         Touching "Debug\CopyCompare.lastbuildstate".
     1>Done Building Project "E:\Visual Studio 2010\Projects\CopyCompareSample\CopyCompare\CopyCompare.vcxproj" (build target(s)).

Build succeeded.

Time Elapsed 00:00:04.07
